Determining if the pthread_create exist failed with the following output:
Change Dir: /home/scott/gitcode/Line/LineMatching/build/CMakeFiles/CMakeTmp

Run Build Command:"/usr/bin/make" "cmTC_695ac/fast"
/usr/bin/make -f CMakeFiles/cmTC_695ac.dir/build.make CMakeFiles/cmTC_695ac.dir/build
make[1]: Entering directory '/home/scott/gitcode/Line/LineMatching/build/CMakeFiles/CMakeTmp'
Building C object CMakeFiles/cmTC_695ac.dir/CheckSymbolExists.c.o
/usr/bin/cc   -fPIC    -o CMakeFiles/cmTC_695ac.dir/CheckSymbolExists.c.o   -c /home/scott/gitcode/Line/LineMatching/build/CMakeFiles/CMakeTmp/CheckSymbolExists.c
Linking C executable cmTC_695ac
/usr/bin/cmake -E cmake_link_script CMakeFiles/cmTC_695ac.dir/link.txt --verbose=1
/usr/bin/cc -fPIC     -rdynamic CMakeFiles/cmTC_695ac.dir/CheckSymbolExists.c.o  -o cmTC_695ac 
CMakeFiles/cmTC_695ac.dir/CheckSymbolExists.c.o: In function `main':
CheckSymbolExists.c:(.text+0x1b): undefined reference to `pthread_create'
collect2: error: ld returned 1 exit status
CMakeFiles/cmTC_695ac.dir/build.make:97: recipe for target 'cmTC_695ac' failed
make[1]: *** [cmTC_695ac] Error 1
make[1]: Leaving directory '/home/scott/gitcode/Line/LineMatching/build/CMakeFiles/CMakeTmp'
Makefile:126: recipe for target 'cmTC_695ac/fast' failed
make: *** [cmTC_695ac/fast] Error 2

File /home/scott/gitcode/Line/LineMatching/build/CMakeFiles/CMakeTmp/CheckSymbolExists.c:
/* */
#include <pthread.h>

int main(int argc, char** argv)
{
  (void)argv;
#ifndef pthread_create
  return ((int*)(&pthread_create))[argc];
#else
  (void)argc;
  return 0;
#endif
}

Determining if the function pthread_create exists in the pthreads failed with the following output:
Change Dir: /home/scott/gitcode/Line/LineMatching/build/CMakeFiles/CMakeTmp

Run Build Command:"/usr/bin/make" "cmTC_5fa76/fast"
/usr/bin/make -f CMakeFiles/cmTC_5fa76.dir/build.make CMakeFiles/cmTC_5fa76.dir/build
make[1]: Entering directory '/home/scott/gitcode/Line/LineMatching/build/CMakeFiles/CMakeTmp'
Building C object CMakeFiles/cmTC_5fa76.dir/CheckFunctionExists.c.o
/usr/bin/cc   -fPIC -DCHECK_FUNCTION_EXISTS=pthread_create   -o CMakeFiles/cmTC_5fa76.dir/CheckFunctionExists.c.o   -c /usr/share/cmake-3.10/Modules/CheckFunctionExists.c
Linking C executable cmTC_5fa76
/usr/bin/cmake -E cmake_link_script CMakeFiles/cmTC_5fa76.dir/link.txt --verbose=1
/usr/bin/cc -fPIC -DCHECK_FUNCTION_EXISTS=pthread_create    -rdynamic CMakeFiles/cmTC_5fa76.dir/CheckFunctionExists.c.o  -o cmTC_5fa76 -lpthreads 
/usr/bin/ld: cannot find -lpthreads
collect2: error: ld returned 1 exit status
CMakeFiles/cmTC_5fa76.dir/build.make:97: recipe for target 'cmTC_5fa76' failed
make[1]: *** [cmTC_5fa76] Error 1
make[1]: Leaving directory '/home/scott/gitcode/Line/LineMatching/build/CMakeFiles/CMakeTmp'
Makefile:126: recipe for target 'cmTC_5fa76/fast' failed
make: *** [cmTC_5fa76/fast] Error 2


